<?xml version="1.0" encoding="UTF-8"?>
<!-- Generated by org.testng.reporters.JUnitXMLReporter -->
<testsuite ignored="1" hostname="DESKTOP-1H6R4MH" failures="0" tests="1" name="Default test" time="69.181" errors="0" timestamp="2022-02-22T20:42:35 IST">
  <testcase classname="TestCases.LoginTest" name="Name" time="0.025"/>
  <testcase classname="TestCases.LoginTest" name="verifyLoginWithValidCred" time="0.0">
    <ignored/>
  </testcase> <!-- verifyLoginWithValidCred -->
</testsuite> <!-- Default test -->
