<?xml version="1.0" encoding="UTF-8"?>
<testng-results ignored="1" total="2" passed="1" failed="0" skipped="0">
  <reporter-output>
  </reporter-output>
  <suite started-at="2022-02-22T20:41:26 IST" name="Default suite" finished-at="2022-02-22T20:42:35 IST" duration-ms="69181">
    <groups>
      <group name="Login">
        <method signature="LoginTest.Name()[pri:0, instance:TestCases.LoginTest@4944252c]" name="Name" class="TestCases.LoginTest"/>
      </group> <!-- Login -->
    </groups>
    <test started-at="2022-02-22T20:41:26 IST" name="Default test" finished-at="2022-02-22T20:42:35 IST" duration-ms="69181">
      <class name="TestCases.LoginTest">
        <test-method is-config="true" signature="setUp(java.lang.String, java.lang.String)[pri:0, instance:TestCases.LoginTest@4944252c]" started-at="2022-02-22T20:41:26 IST" name="setUp" finished-at="2022-02-22T20:41:34 IST" duration-ms="8390" status="PASS">
          <params>
            <param index="0">
              <value is-null="true"/>
            </param>
            <param index="1">
              <value is-null="true"/>
            </param>
          </params>
          <reporter-output>
          </reporter-output>
        </test-method> <!-- setUp -->
        <test-method is-config="true" signature="openPage()[pri:0, instance:TestCases.LoginTest@4944252c]" started-at="2022-02-22T20:41:34 IST" name="openPage" finished-at="2022-02-22T20:42:33 IST" duration-ms="58463" status="PASS">
          <reporter-output>
          </reporter-output>
        </test-method> <!-- openPage -->
        <test-method signature="Name()[pri:0, instance:TestCases.LoginTest@4944252c]" started-at="2022-02-22T20:42:33 IST" name="Name" finished-at="2022-02-22T20:42:33 IST" duration-ms="25" status="PASS">
          <reporter-output>
          </reporter-output>
        </test-method> <!-- Name -->
        <test-method is-config="true" signature="tearDown()[pri:0, instance:TestCases.LoginTest@4944252c]" started-at="2022-02-22T20:42:33 IST" name="tearDown" finished-at="2022-02-22T20:42:35 IST" duration-ms="2207" status="PASS">
          <reporter-output>
          </reporter-output>
        </test-method> <!-- tearDown -->
      </class> <!-- TestCases.LoginTest -->
    </test> <!-- Default test -->
  </suite> <!-- Default suite -->
</testng-results>
